Started by user [8mha:////4PhywhyixIxq/DiD822LV27ksyqHhUY4NJ2Mu+UWQy0+AAAAlx+LCAAAAAAAAP9b85aBtbiIQTGjNKU4P08vOT+vOD8nVc83PyU1x6OyILUoJzMv2y+/JJUBAhiZGBgqihhk0NSjKDWzXb3RdlLBUSYGJk8GtpzUvPSSDB8G5tKinBIGIZ+sxLJE/ZzEvHT94JKizLx0a6BxUmjGOUNodHsLgAzWEgZu/dLi1CL9xJTczDwAj6GcLcAAAAA=[0madmin
Building in workspace C:\Users\Sandeep665\.jenkins\workspace\Retrieve Demo
 > git.exe rev-parse --is-inside-work-tree # timeout=10
Fetching changes from the remote Git repository
 > git.exe config remote.origin.url https://github.com/khandelwalsandeep/Saleforce-source-directory.git # timeout=10
Fetching upstream changes from https://github.com/khandelwalsandeep/Saleforce-source-directory.git
 > git.exe --version # timeout=10
 > git.exe fetch --tags --progress https://github.com/khandelwalsandeep/Saleforce-source-directory.git +refs/heads/*:refs/remotes/origin/*
 > git.exe rev-parse "refs/remotes/origin/master^{commit}" # timeout=10
 > git.exe rev-parse "refs/remotes/origin/origin/master^{commit}" # timeout=10
Checking out Revision 19c2c0965bf9df75e3402c2982907bdde8fef1a3 (refs/remotes/origin/master)
 > git.exe config core.sparsecheckout # timeout=10
 > git.exe checkout -f 19c2c0965bf9df75e3402c2982907bdde8fef1a3
 > git.exe rev-list 19c2c0965bf9df75e3402c2982907bdde8fef1a3 # timeout=10
[Saleforce Migration Tools] $ cmd.exe /C "ant.bat -file '"Retrieve Package"' git-pull && exit %%ERRORLEVEL%%"
Buildfile: C:\Users\Sandeep665\Desktop\Saleforce Migration Tools\Retrieve Package\build.xml

[8mha:////4P3sPGhbF3bZDr5QbqDNByagQBSmIoBAnw7oIq88W7qrAAAAYB+LCAAAAAAAAP9b85aBtbiIQT6jNKU4P0+vJLE4u1gvPjGvRM8xryQksSg9tcQvvyTVvqNr/s+Vl9uYGBgqihikoKqT8/OK83NS9ZwhNEghAwQwghQWAADROOumXQAAAA==[0mgit-pull:
     [echo] git clone

[8mha:////4DgPKp07tbmQ9bmKoJLt3ocLUq9AQLoJiMakyJqdAmfiAAAAYB+LCAAAAAAAAP9b85aBtbiIQSGjNKU4P0+vJLE4u1gvPjGvRM8xr8S/tCQ5PzfVL78ktUuDM0uMry+HiYGhoohBCqo8OT+vOD8nVc8ZQoMUMkAAI0hhAQAUXUdTXgAAAA==[0mBUILD FAILED
C:\Users\Sandeep665\Desktop\Saleforce Migration Tools\Retrieve Package\build.xml:193: The following error occurred while executing this line:
C:\Users\Sandeep665\Desktop\Saleforce Migration Tools\Retrieve Package\build.xml:171: Execute failed: java.io.IOException: Cannot run program "git" (in directory "C:\Users\Sandeep665\Desktop\Saleforce Migration Tools\Retrieve Package"): CreateProcess error=2, The system cannot find the file specified
	at java.lang.ProcessBuilder.start(ProcessBuilder.java:1048)
	at java.lang.Runtime.exec(Runtime.java:620)
	at org.apache.tools.ant.taskdefs.launcher.Java13CommandLauncher.exec(Java13CommandLauncher.java:58)
	at org.apache.tools.ant.taskdefs.Execute.launch(Execute.java:426)
	at org.apache.tools.ant.taskdefs.Execute.execute(Execute.java:440)
	at org.apache.tools.ant.taskdefs.ExecTask.runExecute(ExecTask.java:629)
	at org.apache.tools.ant.taskdefs.ExecTask.runExec(ExecTask.java:670)
	at org.apache.tools.ant.taskdefs.ExecTask.execute(ExecTask.java:496)
	at org.apache.tools.ant.UnknownElement.execute(UnknownElement.java:293)
	at sun.reflect.NativeMethodAccessorImpl.invoke0(Native Method)
	at sun.reflect.NativeMethodAccessorImpl.invoke(NativeMethodAccessorImpl.java:62)
	at sun.reflect.DelegatingMethodAccessorImpl.invoke(DelegatingMethodAccessorImpl.java:43)
	at java.lang.reflect.Method.invoke(Method.java:498)
	at org.apache.tools.ant.dispatch.DispatchUtils.execute(DispatchUtils.java:106)
	at org.apache.tools.ant.Task.perform(Task.java:348)
	at org.apache.tools.ant.taskdefs.Sequential.execute(Sequential.java:68)
	at org.apache.tools.ant.UnknownElement.execute(UnknownElement.java:293)
	at sun.reflect.NativeMethodAccessorImpl.invoke0(Native Method)
	at sun.reflect.NativeMethodAccessorImpl.invoke(NativeMethodAccessorImpl.java:62)
	at sun.reflect.DelegatingMethodAccessorImpl.invoke(DelegatingMethodAccessorImpl.java:43)
	at java.lang.reflect.Method.invoke(Method.java:498)
	at org.apache.tools.ant.dispatch.DispatchUtils.execute(DispatchUtils.java:106)
	at org.apache.tools.ant.Task.perform(Task.java:348)
	at org.apache.tools.ant.taskdefs.MacroInstance.execute(MacroInstance.java:402)
	at org.apache.tools.ant.UnknownElement.execute(UnknownElement.java:293)
	at sun.reflect.NativeMethodAccessorImpl.invoke0(Native Method)
	at sun.reflect.NativeMethodAccessorImpl.invoke(NativeMethodAccessorImpl.java:62)
	at sun.reflect.DelegatingMethodAccessorImpl.invoke(DelegatingMethodAccessorImpl.java:43)
	at java.lang.reflect.Method.invoke(Method.java:498)
	at org.apache.tools.ant.dispatch.DispatchUtils.execute(DispatchUtils.java:106)
	at org.apache.tools.ant.Task.perform(Task.java:348)
	at org.apache.tools.ant.Target.execute(Target.java:435)
	at org.apache.tools.ant.Target.performTasks(Target.java:456)
	at org.apache.tools.ant.Project.executeSortedTargets(Project.java:1405)
	at org.apache.tools.ant.Project.executeTarget(Project.java:1376)
	at org.apache.tools.ant.helper.DefaultExecutor.executeTargets(DefaultExecutor.java:41)
	at org.apache.tools.ant.Project.executeTargets(Project.java:1260)
	at org.apache.tools.ant.Main.runBuild(Main.java:857)
	at org.apache.tools.ant.Main.startAnt(Main.java:236)
	at org.apache.tools.ant.launch.Launcher.run(Launcher.java:287)
	at org.apache.tools.ant.launch.Launcher.main(Launcher.java:113)
Caused by: java.io.IOException: CreateProcess error=2, The system cannot find the file specified
	at java.lang.ProcessImpl.create(Native Method)
	at java.lang.ProcessImpl.<init>(ProcessImpl.java:386)
	at java.lang.ProcessImpl.start(ProcessImpl.java:137)
	at java.lang.ProcessBuilder.start(ProcessBuilder.java:1029)
	... 40 more

Total time: 1 second
Build step 'Invoke Ant' marked build as failure
Finished: FAILURE
